<?xml version="1.0" encoding="UTF-8"?>
<!-- Generated by org.testng.reporters.JUnitReportReporter -->
<testsuite hostname="Rafias-MacBook-Air.local" failures="0" tests="2" name="tests.landingpage" time="10.138" errors="0" timestamp="2023-05-31T17:55:02 AEST" skipped="0">
  <testcase classname="tests.landingpage" name="checkUITexts" time="3.552"/>
  <system-out/>
  <testcase classname="tests.landingpage" name="toggleLanguage" time="6.586"/>
  <system-out/>
</testsuite> <!-- tests.landingpage -->
