<?xml version="1.0" encoding="UTF-8"?>
<!-- Generated by org.testng.reporters.JUnitReportReporter -->
<testsuite hostname="Rafias-MacBook-Air.local" failures="0" tests="3" name="tests.TC_ContentPage" time="11.686" errors="0" timestamp="2023-06-08T16:03:41 AEST" skipped="0">
  <testcase classname="tests.TC_ContentPage" name="checkUI_Affordable" time="5.762"/>
  <system-out/>
  <testcase classname="tests.TC_ContentPage" name="checkUI_Inclusive" time="3.589"/>
  <system-out/>
  <testcase classname="tests.TC_ContentPage" name="checkUI_Hyg_Safe" time="2.335"/>
  <system-out/>
</testsuite> <!-- tests.TC_ContentPage -->
