<?xml version="1.0" encoding="UTF-8"?>
<!-- Generated by org.testng.reporters.JUnitReportReporter -->
<testsuite hostname="Rafias-MacBook-Air.local" failures="0" tests="2" name="tests.TC_landingpage" time="11.338" errors="0" timestamp="2023-06-08T16:03:41 AEST" skipped="0">
  <testcase classname="tests.TC_landingpage" name="checkUI_EnglishLandingP" time="3.836"/>
  <system-out/>
  <testcase classname="tests.TC_landingpage" name="checkUI_BanglaLandingP" time="7.502"/>
  <system-out/>
</testsuite> <!-- tests.TC_landingpage -->
