<?xml version="1.0" encoding="UTF-8"?>
<!-- Generated by org.testng.reporters.JUnitReportReporter -->
<testsuite hostname="Rafias-MacBook-Air.local" failures="0" tests="1" name="tests.InfoPage" time="5.669" errors="0" timestamp="2023-06-02T17:13:52 AEST" skipped="0">
  <testcase classname="tests.InfoPage" name="checkUI_Affordable" time="5.669"/>
  <system-out/>
</testsuite> <!-- tests.InfoPage -->
