<?xml version="1.0" encoding="UTF-8"?>
<!-- Generated by org.testng.reporters.JUnitReportReporter -->
<testsuite hostname="Rafias-MacBook-Air.local" failures="0" tests="3" name="tests.TC_InfoPage" time="11.740" errors="0" timestamp="2023-06-05T17:43:24 AEST" skipped="0">
  <testcase classname="tests.TC_InfoPage" name="checkUI_Affordable" time="5.899"/>
  <system-out/>
  <testcase classname="tests.TC_InfoPage" name="checkUI_Inclusive" time="3.541"/>
  <system-out/>
  <testcase classname="tests.TC_InfoPage" name="checkUI_Hyg_Safe" time="2.300"/>
  <system-out/>
</testsuite> <!-- tests.TC_InfoPage -->
